<?xml version="1.0" encoding="UTF-8"?>
<testsuites name="Forgot Password" time="23.863" tests="2" failures="0" errors="0">
   <testsuite name="Forgot Password" tests="2" failures="0" errors="0" time="23.863" skipped="0" timestamp="2023-11-23 15:43:01" hostname="wahyu - 192.168.195.129" id="Test Suites/Forgot Password">
      <properties>
         <property name="deviceName" value=""/>
         <property name="devicePlatform" value=""/>
         <property name="logFolder" value="C:\\Users\\wahyu\\git\\website-sistemtoko-automation\\Reports\\20231123_154258\\Forgot Password\\20231123_154258"/>
         <property name="logFiles" value="C:\\Users\\wahyu\\git\\website-sistemtoko-automation\\Reports\\20231123_154258\\Forgot Password\\20231123_154258\\execution0.log"/>
         <property name="attachments" value=""/>
         <property name="hostName" value="wahyu - 192.168.195.129"/>
         <property name="os" value="Windows 11 64bit"/>
         <property name="katalonVersion" value="9.0.0.212"/>
         <property name="browser" value="Chrome 119.0.0.0"/>
         <property name="hostAddress" value="192.168.195.129"/>
         <property name="sessionId" value="4c45d3bbb9ebb57969c9a0191941947e"/>
         <property name="seleniumVersion" value="3.141.59"/>
         <property name="proxyInformation" value="ProxyInformation { proxyOption=NO_PROXY, proxyServerType=HTTP, username=, password=********, proxyServerAddress=, proxyServerPort=0, executionList=&quot;&quot;, isApplyToDesiredCapabilities=true }"/>
         <property name="platform" value="Windows 11"/>
      </properties>
      <testcase name="Test Cases/Forgot Password/Test Forgot password with email already registered" time="13.203" classname="Test Cases/Forgot Password/Test Forgot password with email already registered" status="PASSED">
         <system-out><![CDATA[2023-11-23 15:43:01 - [TEST_CASE][PASSED] - Test Cases/Forgot Password/Test Forgot password with email already registered: Test Cases/Forgot Password/Test Forgot password with email already registered

2023-11-23 15:43:02 - [TEST_STEP][PASSED] - openBrowser(""): Browser is opened with url: ''

2023-11-23 15:43:02 - [MESSAGE][INFO] - Starting 'Chrome' driver

2023-11-23 15:43:02 - [MESSAGE][INFO] - Action delay is set to 0 milliseconds

2023-11-23 15:43:03 - [MESSAGE][PASSED] - Browser is opened with url: ''

2023-11-23 15:43:03 - [TEST_STEP][PASSED] - maximizeWindow(): Current window maximized

2023-11-23 15:43:03 - [MESSAGE][PASSED] - Current window maximized

2023-11-23 15:43:03 - [TEST_STEP][PASSED] - navigateToUrl(Url): Navigate to 'https://sistemtoko.com/' successfully

2023-11-23 15:43:08 - [MESSAGE][PASSED] - Navigate to 'https://sistemtoko.com/' successfully

2023-11-23 15:43:08 - [TEST_STEP][PASSED] - click(findTestObject("login_repos/login_Page")): Object: 'Object Repository/login_repos/login_Page' is clicked on

2023-11-23 15:43:10 - [MESSAGE][PASSED] - Object: 'Object Repository/login_repos/login_Page' is clicked on

2023-11-23 15:43:10 - [TEST_STEP][PASSED] - click(findTestObject("login_repos/button_forgot_password")): Object: 'Object Repository/login_repos/button_forgot_password' is clicked on

2023-11-23 15:43:11 - [MESSAGE][PASSED] - Object: 'Object Repository/login_repos/button_forgot_password' is clicked on

2023-11-23 15:43:11 - [TEST_STEP][PASSED] - sendKeys(findTestObject("login_repos/input_email_forgot_password"), Email_valid): Keys 'wepib42494@bixolabs.com' sent to object: 'Object Repository/login_repos/input_email_forgot_password'

2023-11-23 15:43:12 - [MESSAGE][PASSED] - Keys 'wepib42494@bixolabs.com' sent to object: 'Object Repository/login_repos/input_email_forgot_password'

2023-11-23 15:43:12 - [TEST_STEP][PASSED] - click(findTestObject("forgotPassword_repos/button_send_forgotPassword")): Object: 'Object Repository/forgotPassword_repos/button_send_forgotPassword' is clicked on

2023-11-23 15:43:14 - [MESSAGE][PASSED] - Object: 'Object Repository/forgotPassword_repos/button_send_forgotPassword' is clicked on

2023-11-23 15:43:14 - [TEST_STEP][PASSED] - verifyTextPresent("Password reminder sent! !", false): Text 'Password reminder sent! !' is present on page 

2023-11-23 15:43:14 - [MESSAGE][PASSED] - Text 'Password reminder sent! !' is present on page 

2023-11-23 15:43:14 - [TEST_STEP][PASSED] - closeBrowser(): Browser is closed

2023-11-23 15:43:15 - [MESSAGE][PASSED] - Browser is closed]]></system-out>
         <system-err><![CDATA[]]></system-err>
      </testcase>
      <testcase name="Test Cases/Forgot Password/Test Forgot password with email not registered" time="10.505" classname="Test Cases/Forgot Password/Test Forgot password with email not registered" status="PASSED">
         <system-out><![CDATA[2023-11-23 15:43:15 - [TEST_CASE][PASSED] - Test Cases/Forgot Password/Test Forgot password with email not registered: Test Cases/Forgot Password/Test Forgot password with email not registered

2023-11-23 15:43:15 - [TEST_STEP][PASSED] - openBrowser(""): Browser is opened with url: ''

2023-11-23 15:43:15 - [MESSAGE][INFO] - Starting 'Chrome' driver

2023-11-23 15:43:15 - [MESSAGE][INFO] - Action delay is set to 0 milliseconds

2023-11-23 15:43:15 - [MESSAGE][PASSED] - Browser is opened with url: ''

2023-11-23 15:43:15 - [TEST_STEP][PASSED] - maximizeWindow(): Current window maximized

2023-11-23 15:43:16 - [MESSAGE][PASSED] - Current window maximized

2023-11-23 15:43:16 - [TEST_STEP][PASSED] - navigateToUrl(Url): Navigate to 'https://sistemtoko.com/' successfully

2023-11-23 15:43:20 - [MESSAGE][PASSED] - Navigate to 'https://sistemtoko.com/' successfully

2023-11-23 15:43:21 - [TEST_STEP][PASSED] - click(findTestObject("login_repos/login_Page")): Object: 'Object Repository/login_repos/login_Page' is clicked on

2023-11-23 15:43:22 - [MESSAGE][PASSED] - Object: 'Object Repository/login_repos/login_Page' is clicked on

2023-11-23 15:43:22 - [TEST_STEP][PASSED] - click(findTestObject("login_repos/button_forgot_password")): Object: 'Object Repository/login_repos/button_forgot_password' is clicked on

2023-11-23 15:43:23 - [MESSAGE][PASSED] - Object: 'Object Repository/login_repos/button_forgot_password' is clicked on

2023-11-23 15:43:23 - [TEST_STEP][PASSED] - sendKeys(findTestObject("login_repos/input_email_forgot_password"), Wrong_email): Keys 'example12@gmail.com' sent to object: 'Object Repository/login_repos/input_email_forgot_password'

2023-11-23 15:43:24 - [MESSAGE][PASSED] - Keys 'example12@gmail.com' sent to object: 'Object Repository/login_repos/input_email_forgot_password'

2023-11-23 15:43:24 - [TEST_STEP][PASSED] - click(findTestObject("forgotPassword_repos/button_send_forgotPassword")): Object: 'Object Repository/forgotPassword_repos/button_send_forgotPassword' is clicked on

2023-11-23 15:43:24 - [MESSAGE][PASSED] - Object: 'Object Repository/forgotPassword_repos/button_send_forgotPassword' is clicked on

2023-11-23 15:43:24 - [TEST_STEP][PASSED] - verifyTextPresent("We can't find a user with that e-mail address. !", false): Text 'We can't find a user with that e-mail address. !' is present on page 

2023-11-23 15:43:25 - [MESSAGE][PASSED] - Text 'We can't find a user with that e-mail address. !' is present on page 

2023-11-23 15:43:25 - [TEST_STEP][PASSED] - closeBrowser(): Browser is closed

2023-11-23 15:43:25 - [MESSAGE][PASSED] - Browser is closed]]></system-out>
         <system-err><![CDATA[]]></system-err>
      </testcase>
      <system-out><![CDATA[2023-11-23 15:43:01 - [TEST_SUITE][PASSED] - Forgot Password: Test Cases/Forgot Password/Test Forgot password with email not registered]]></system-out>
      <system-err><![CDATA[]]></system-err>
   </testsuite>
</testsuites>
