<?xml version="1.0" encoding="UTF-8"?>
<testsuites name="Login" time="90.086" tests="5" failures="0" errors="0">
   <testsuite name="Login" tests="5" failures="0" errors="0" time="90.086" skipped="0" timestamp="2023-11-23 15:43:46" hostname="wahyu - 192.168.195.129" id="Test Suites/Login">
      <properties>
         <property name="deviceName" value=""/>
         <property name="devicePlatform" value=""/>
         <property name="logFolder" value="C:\\Users\\wahyu\\git\\website-sistemtoko-automation\\Reports\\20231123_154343\\Login\\20231123_154343"/>
         <property name="logFiles" value="C:\\Users\\wahyu\\git\\website-sistemtoko-automation\\Reports\\20231123_154343\\Login\\20231123_154343\\execution0.log"/>
         <property name="attachments" value=""/>
         <property name="hostName" value="wahyu - 192.168.195.129"/>
         <property name="os" value="Windows 11 64bit"/>
         <property name="katalonVersion" value="9.0.0.212"/>
         <property name="browser" value="Chrome 119.0.0.0"/>
         <property name="hostAddress" value="192.168.195.129"/>
         <property name="sessionId" value="a8d34134600614be15eed9d5595ab8cb"/>
         <property name="seleniumVersion" value="3.141.59"/>
         <property name="proxyInformation" value="ProxyInformation { proxyOption=NO_PROXY, proxyServerType=HTTP, username=, password=********, proxyServerAddress=, proxyServerPort=0, executionList=&quot;&quot;, isApplyToDesiredCapabilities=true }"/>
         <property name="platform" value="Windows 11"/>
      </properties>
      <testcase name="Test Cases/Login/Login with correct email and correct password" time="46.832" classname="Test Cases/Login/Login with correct email and correct password" status="PASSED">
         <system-out><![CDATA[2023-11-23 15:43:46 - [TEST_CASE][PASSED] - Test Cases/Login/Login with correct email and correct password: Test Cases/Login/Login with correct email and correct password

2023-11-23 15:43:46 - [TEST_STEP][PASSED] - openBrowser(""): Browser is opened with url: ''

2023-11-23 15:43:47 - [MESSAGE][INFO] - Starting 'Chrome' driver

2023-11-23 15:43:47 - [MESSAGE][INFO] - Action delay is set to 0 milliseconds

2023-11-23 15:43:48 - [MESSAGE][PASSED] - Browser is opened with url: ''

2023-11-23 15:43:48 - [TEST_STEP][PASSED] - maximizeWindow(): Current window maximized

2023-11-23 15:43:48 - [MESSAGE][PASSED] - Current window maximized

2023-11-23 15:43:48 - [TEST_STEP][PASSED] - navigateToUrl(Url): Navigate to 'https://sistemtoko.com/' successfully

2023-11-23 15:43:53 - [MESSAGE][PASSED] - Navigate to 'https://sistemtoko.com/' successfully

2023-11-23 15:43:53 - [TEST_STEP][PASSED] - click(findTestObject("login_repos/login_Page")): Object: 'Object Repository/login_repos/login_Page' is clicked on

2023-11-23 15:43:56 - [MESSAGE][PASSED] - Object: 'Object Repository/login_repos/login_Page' is clicked on

2023-11-23 15:43:56 - [TEST_STEP][PASSED] - sendKeys(findTestObject("login_repos/input_Email"), Email_valid): Keys 'wepib42494@bixolabs.com' sent to object: 'Object Repository/login_repos/input_Email'

2023-11-23 15:43:57 - [MESSAGE][PASSED] - Keys 'wepib42494@bixolabs.com' sent to object: 'Object Repository/login_repos/input_Email'

2023-11-23 15:43:57 - [TEST_STEP][PASSED] - sendKeys(findTestObject("login_repos/input_Password"), Password_valid): Keys '123456' sent to object: 'Object Repository/login_repos/input_Password'

2023-11-23 15:43:57 - [MESSAGE][PASSED] - Keys '123456' sent to object: 'Object Repository/login_repos/input_Password'

2023-11-23 15:43:57 - [TEST_STEP][PASSED] - click(findTestObject("login_repos/button_Login")): Object: 'Object Repository/login_repos/button_Login' is clicked on

2023-11-23 15:43:58 - [MESSAGE][PASSED] - Object: 'Object Repository/login_repos/button_Login' is clicked on

2023-11-23 15:43:58 - [TEST_STEP][PASSED] - waitForElementPresent(findTestObject("verify_repos/verify_success_login"), 10): Object 'Object Repository/verify_repos/verify_success_login' is present

2023-11-23 15:44:33 - [MESSAGE][PASSED] - Object 'Object Repository/verify_repos/verify_success_login' is present

2023-11-23 15:44:33 - [TEST_STEP][PASSED] - closeBrowser(): Browser is closed

2023-11-23 15:44:33 - [MESSAGE][PASSED] - Browser is closed]]></system-out>
         <system-err><![CDATA[]]></system-err>
      </testcase>
      <testcase name="Test Cases/Login/Login with correct email and wrong password" time="11.567" classname="Test Cases/Login/Login with correct email and wrong password" status="PASSED">
         <system-out><![CDATA[2023-11-23 15:44:33 - [TEST_CASE][PASSED] - Test Cases/Login/Login with correct email and wrong password: Test Cases/Login/Login with correct email and wrong password

2023-11-23 15:44:33 - [TEST_STEP][PASSED] - openBrowser(""): Browser is opened with url: ''

2023-11-23 15:44:33 - [MESSAGE][INFO] - Starting 'Chrome' driver

2023-11-23 15:44:33 - [MESSAGE][INFO] - Action delay is set to 0 milliseconds

2023-11-23 15:44:34 - [MESSAGE][PASSED] - Browser is opened with url: ''

2023-11-23 15:44:34 - [TEST_STEP][PASSED] - maximizeWindow(): Current window maximized

2023-11-23 15:44:34 - [MESSAGE][PASSED] - Current window maximized

2023-11-23 15:44:34 - [TEST_STEP][PASSED] - navigateToUrl(Url): Navigate to 'https://sistemtoko.com/' successfully

2023-11-23 15:44:39 - [MESSAGE][PASSED] - Navigate to 'https://sistemtoko.com/' successfully

2023-11-23 15:44:39 - [TEST_STEP][PASSED] - click(findTestObject("login_repos/login_Page")): Object: 'Object Repository/login_repos/login_Page' is clicked on

2023-11-23 15:44:42 - [MESSAGE][PASSED] - Object: 'Object Repository/login_repos/login_Page' is clicked on

2023-11-23 15:44:42 - [TEST_STEP][PASSED] - sendKeys(findTestObject("login_repos/input_Email"), Wrong_email): Keys 'example12@gmail.com' sent to object: 'Object Repository/login_repos/input_Email'

2023-11-23 15:44:43 - [MESSAGE][PASSED] - Keys 'example12@gmail.com' sent to object: 'Object Repository/login_repos/input_Email'

2023-11-23 15:44:43 - [TEST_STEP][PASSED] - sendKeys(findTestObject("login_repos/input_Password"), Wrong_password): Keys 'abc123' sent to object: 'Object Repository/login_repos/input_Password'

2023-11-23 15:44:43 - [MESSAGE][PASSED] - Keys 'abc123' sent to object: 'Object Repository/login_repos/input_Password'

2023-11-23 15:44:43 - [TEST_STEP][PASSED] - click(findTestObject("login_repos/button_Login")): Object: 'Object Repository/login_repos/button_Login' is clicked on

2023-11-23 15:44:44 - [MESSAGE][PASSED] - Object: 'Object Repository/login_repos/button_Login' is clicked on

2023-11-23 15:44:44 - [TEST_STEP][PASSED] - verifyTextPresent("Username/Password did not match", false): Text 'Username/Password did not match' is present on page 

2023-11-23 15:44:44 - [MESSAGE][PASSED] - Text 'Username/Password did not match' is present on page 

2023-11-23 15:44:44 - [TEST_STEP][PASSED] - closeBrowser(): Browser is closed

2023-11-23 15:44:45 - [MESSAGE][PASSED] - Browser is closed]]></system-out>
         <system-err><![CDATA[]]></system-err>
      </testcase>
      <testcase name="Test Cases/Login/Login with wrong email and correct password" time="10.253" classname="Test Cases/Login/Login with wrong email and correct password" status="PASSED">
         <system-out><![CDATA[2023-11-23 15:44:45 - [TEST_CASE][PASSED] - Test Cases/Login/Login with wrong email and correct password: Test Cases/Login/Login with wrong email and correct password

2023-11-23 15:44:45 - [TEST_STEP][PASSED] - openBrowser(""): Browser is opened with url: ''

2023-11-23 15:44:45 - [MESSAGE][INFO] - Starting 'Chrome' driver

2023-11-23 15:44:45 - [MESSAGE][INFO] - Action delay is set to 0 milliseconds

2023-11-23 15:44:45 - [MESSAGE][PASSED] - Browser is opened with url: ''

2023-11-23 15:44:45 - [TEST_STEP][PASSED] - maximizeWindow(): Current window maximized

2023-11-23 15:44:46 - [MESSAGE][PASSED] - Current window maximized

2023-11-23 15:44:46 - [TEST_STEP][PASSED] - navigateToUrl(Url): Navigate to 'https://sistemtoko.com/' successfully

2023-11-23 15:44:50 - [MESSAGE][PASSED] - Navigate to 'https://sistemtoko.com/' successfully

2023-11-23 15:44:50 - [TEST_STEP][PASSED] - click(findTestObject("login_repos/login_Page")): Object: 'Object Repository/login_repos/login_Page' is clicked on

2023-11-23 15:44:52 - [MESSAGE][PASSED] - Object: 'Object Repository/login_repos/login_Page' is clicked on

2023-11-23 15:44:52 - [TEST_STEP][PASSED] - sendKeys(findTestObject("login_repos/input_Email"), Email_valid): Keys 'wepib42494@bixolabs.com' sent to object: 'Object Repository/login_repos/input_Email'

2023-11-23 15:44:53 - [MESSAGE][PASSED] - Keys 'wepib42494@bixolabs.com' sent to object: 'Object Repository/login_repos/input_Email'

2023-11-23 15:44:53 - [TEST_STEP][PASSED] - sendKeys(findTestObject("login_repos/input_Password"), Wrong_password): Keys 'abc123' sent to object: 'Object Repository/login_repos/input_Password'

2023-11-23 15:44:53 - [MESSAGE][PASSED] - Keys 'abc123' sent to object: 'Object Repository/login_repos/input_Password'

2023-11-23 15:44:53 - [TEST_STEP][PASSED] - click(findTestObject("login_repos/button_Login")): Object: 'Object Repository/login_repos/button_Login' is clicked on

2023-11-23 15:44:54 - [MESSAGE][PASSED] - Object: 'Object Repository/login_repos/button_Login' is clicked on

2023-11-23 15:44:54 - [TEST_STEP][PASSED] - verifyTextPresent("Username/Password did not match", false): Text 'Username/Password did not match' is present on page 

2023-11-23 15:44:55 - [MESSAGE][PASSED] - Text 'Username/Password did not match' is present on page 

2023-11-23 15:44:55 - [TEST_STEP][PASSED] - closeBrowser(): Browser is closed

2023-11-23 15:44:55 - [MESSAGE][PASSED] - Browser is closed]]></system-out>
         <system-err><![CDATA[]]></system-err>
      </testcase>
      <testcase name="Test Cases/Login/Login with wrong email and wrong password" time="10.595" classname="Test Cases/Login/Login with wrong email and wrong password" status="PASSED">
         <system-out><![CDATA[2023-11-23 15:44:55 - [TEST_CASE][PASSED] - Test Cases/Login/Login with wrong email and wrong password: Test Cases/Login/Login with wrong email and wrong password

2023-11-23 15:44:55 - [TEST_STEP][PASSED] - openBrowser(""): Browser is opened with url: ''

2023-11-23 15:44:55 - [MESSAGE][INFO] - Starting 'Chrome' driver

2023-11-23 15:44:55 - [MESSAGE][INFO] - Action delay is set to 0 milliseconds

2023-11-23 15:44:56 - [MESSAGE][PASSED] - Browser is opened with url: ''

2023-11-23 15:44:56 - [TEST_STEP][PASSED] - maximizeWindow(): Current window maximized

2023-11-23 15:44:56 - [MESSAGE][PASSED] - Current window maximized

2023-11-23 15:44:56 - [TEST_STEP][PASSED] - navigateToUrl(Url): Navigate to 'https://sistemtoko.com/' successfully

2023-11-23 15:45:01 - [MESSAGE][PASSED] - Navigate to 'https://sistemtoko.com/' successfully

2023-11-23 15:45:01 - [TEST_STEP][PASSED] - click(findTestObject("login_repos/login_Page")): Object: 'Object Repository/login_repos/login_Page' is clicked on

2023-11-23 15:45:03 - [MESSAGE][PASSED] - Object: 'Object Repository/login_repos/login_Page' is clicked on

2023-11-23 15:45:03 - [TEST_STEP][PASSED] - sendKeys(findTestObject("login_repos/input_Email"), Email_valid): Keys 'wepib42494@bixolabs.com' sent to object: 'Object Repository/login_repos/input_Email'

2023-11-23 15:45:03 - [MESSAGE][PASSED] - Keys 'wepib42494@bixolabs.com' sent to object: 'Object Repository/login_repos/input_Email'

2023-11-23 15:45:03 - [TEST_STEP][PASSED] - sendKeys(findTestObject("login_repos/input_Password"), Wrong_password): Keys 'abc123' sent to object: 'Object Repository/login_repos/input_Password'

2023-11-23 15:45:04 - [MESSAGE][PASSED] - Keys 'abc123' sent to object: 'Object Repository/login_repos/input_Password'

2023-11-23 15:45:04 - [TEST_STEP][PASSED] - click(findTestObject("login_repos/button_Login")): Object: 'Object Repository/login_repos/button_Login' is clicked on

2023-11-23 15:45:04 - [MESSAGE][PASSED] - Object: 'Object Repository/login_repos/button_Login' is clicked on

2023-11-23 15:45:04 - [TEST_STEP][PASSED] - verifyTextPresent("Username/Password did not match", false): Text 'Username/Password did not match' is present on page 

2023-11-23 15:45:05 - [MESSAGE][PASSED] - Text 'Username/Password did not match' is present on page 

2023-11-23 15:45:05 - [TEST_STEP][PASSED] - closeBrowser(): Browser is closed

2023-11-23 15:45:05 - [MESSAGE][PASSED] - Browser is closed]]></system-out>
         <system-err><![CDATA[]]></system-err>
      </testcase>
      <testcase name="Test Cases/Forgot Password/Test Forgot password with email not registered" time="10.63" classname="Test Cases/Forgot Password/Test Forgot password with email not registered" status="PASSED">
         <system-out><![CDATA[2023-11-23 15:45:05 - [TEST_CASE][PASSED] - Test Cases/Forgot Password/Test Forgot password with email not registered: Test Cases/Forgot Password/Test Forgot password with email not registered

2023-11-23 15:45:06 - [TEST_STEP][PASSED] - openBrowser(""): Browser is opened with url: ''

2023-11-23 15:45:06 - [MESSAGE][INFO] - Starting 'Chrome' driver

2023-11-23 15:45:06 - [MESSAGE][INFO] - Action delay is set to 0 milliseconds

2023-11-23 15:45:06 - [MESSAGE][PASSED] - Browser is opened with url: ''

2023-11-23 15:45:06 - [TEST_STEP][PASSED] - maximizeWindow(): Current window maximized

2023-11-23 15:45:06 - [MESSAGE][PASSED] - Current window maximized

2023-11-23 15:45:06 - [TEST_STEP][PASSED] - navigateToUrl(Url): Navigate to 'https://sistemtoko.com/' successfully

2023-11-23 15:45:11 - [MESSAGE][PASSED] - Navigate to 'https://sistemtoko.com/' successfully

2023-11-23 15:45:11 - [TEST_STEP][PASSED] - click(findTestObject("login_repos/login_Page")): Object: 'Object Repository/login_repos/login_Page' is clicked on

2023-11-23 15:45:13 - [MESSAGE][PASSED] - Object: 'Object Repository/login_repos/login_Page' is clicked on

2023-11-23 15:45:13 - [TEST_STEP][PASSED] - click(findTestObject("login_repos/button_forgot_password")): Object: 'Object Repository/login_repos/button_forgot_password' is clicked on

2023-11-23 15:45:14 - [MESSAGE][PASSED] - Object: 'Object Repository/login_repos/button_forgot_password' is clicked on

2023-11-23 15:45:14 - [TEST_STEP][PASSED] - sendKeys(findTestObject("login_repos/input_email_forgot_password"), Wrong_email): Keys 'example12@gmail.com' sent to object: 'Object Repository/login_repos/input_email_forgot_password'

2023-11-23 15:45:15 - [MESSAGE][PASSED] - Keys 'example12@gmail.com' sent to object: 'Object Repository/login_repos/input_email_forgot_password'

2023-11-23 15:45:15 - [TEST_STEP][PASSED] - click(findTestObject("forgotPassword_repos/button_send_forgotPassword")): Object: 'Object Repository/forgotPassword_repos/button_send_forgotPassword' is clicked on

2023-11-23 15:45:15 - [MESSAGE][PASSED] - Object: 'Object Repository/forgotPassword_repos/button_send_forgotPassword' is clicked on

2023-11-23 15:45:15 - [TEST_STEP][PASSED] - verifyTextPresent("We can't find a user with that e-mail address. !", false): Text 'We can't find a user with that e-mail address. !' is present on page 

2023-11-23 15:45:16 - [MESSAGE][PASSED] - Text 'We can't find a user with that e-mail address. !' is present on page 

2023-11-23 15:45:16 - [TEST_STEP][PASSED] - closeBrowser(): Browser is closed

2023-11-23 15:45:16 - [MESSAGE][PASSED] - Browser is closed]]></system-out>
         <system-err><![CDATA[]]></system-err>
      </testcase>
      <system-out><![CDATA[2023-11-23 15:43:46 - [TEST_SUITE][PASSED] - Login: Test Cases/Forgot Password/Test Forgot password with email not registered]]></system-out>
      <system-err><![CDATA[]]></system-err>
   </testsuite>
</testsuites>
